<?xml version="1.0" encoding="UTF-8"?>
<!-- Generated by org.testng.reporters.JUnitXMLReporter -->
<testsuite ignored="0" hostname="Tariq" failures="1" tests="3" name="Test" time="9.941" errors="0" timestamp="02 Apr 2022 18:14:52 GMT">
  <testcase classname="testNG.TestNGParameters" name="@AfterMethod afterMethod" time="0.013">
    <failure type="org.openqa.selenium.NoSuchSessionException" message="Session ID is null. Using WebDriver after calling quit()?
Build info: version: &amp;apos;3.141.59&amp;apos;, revision: &amp;apos;e82be7d358&amp;apos;, time: &amp;apos;2018-11-14T08:17:03&amp;apos;
System info: host: &amp;apos;TARIQ&amp;apos;, ip: &amp;apos;192.168.2.2&amp;apos;, os.name: &amp;apos;Windows 10&amp;apos;, os.arch: &amp;apos;amd64&amp;apos;, os.version: &amp;apos;10.0&amp;apos;, java.version: &amp;apos;17.0.1&amp;apos;
Driver info: driver.version: RemoteWebDriver">
      <![CDATA[org.openqa.selenium.NoSuchSessionException: Session ID is null. Using WebDriver after calling quit()?
Build info: version: '3.141.59', revision: 'e82be7d358', time: '2018-11-14T08:17:03'
System info: host: 'TARIQ', ip: '192.168.2.2', os.name: 'Windows 10', os.arch: 'amd64', os.version: '10.0', java.version: '17.0.1'
Driver info: driver.version: RemoteWebDriver
at org.openqa.selenium.remote.HttpCommandExecutor.execute(HttpCommandExecutor.java:125)
at org.openqa.selenium.remote.service.DriverCommandExecutor.execute(DriverCommandExecutor.java:83)
at org.openqa.selenium.remote.RemoteWebDriver.execute(RemoteWebDriver.java:552)
at org.openqa.selenium.remote.RemoteWebDriver.execute(RemoteWebDriver.java:609)
at org.openqa.selenium.remote.RemoteWebDriver.close(RemoteWebDriver.java:442)
at core.Base.tearDown(Base.java:131)
at testNG.TestNGParameters.afterMethod(TestNGParameters.java:38)
... Removed 28 stack frames]]>
    </failure>
  </testcase> <!-- @AfterMethod afterMethod -->
  <testcase classname="testNG.TestNGParameters" name="@BeforeMethod beforeMethod" time="0.0">
    <skipped/>
  </testcase> <!-- @BeforeMethod beforeMethod -->
  <testcase classname="testNG.TestNGParameters" name="@AfterMethod afterMethod" time="0.0">
    <skipped/>
  </testcase> <!-- @AfterMethod afterMethod -->
  <testcase classname="testNG.TestNGParameters" name="Parameterstest" time="0.0">
    <failure type="org.testng.TestNGException" message="
Parameter &amp;apos;email&amp;apos; is required by @Test on method Parameterstest but has not been marked @Optional or defined
in C:\Users\Owner\eclipse-workspace\TestngFrameWork\PrarmeterTestng.xml">
      <![CDATA[org.testng.TestNGException: 
Parameter 'email' is required by @Test on method Parameterstest but has not been marked @Optional or defined
in C:\Users\Owner\eclipse-workspace\TestngFrameWork\PrarmeterTestng.xml
... Removed 24 stack frames]]>
    </failure>
  </testcase> <!-- Parameterstest -->
  <testcase classname="testNG.TestNGParameters" name="afterMethod" time="0.325"/>
  <testcase classname="testNG.TestNGParameters" name="beforeMethod" time="0.0">
    <skipped/>
  </testcase> <!-- beforeMethod -->
</testsuite> <!-- Test -->
